<?xml version="1.0" encoding="UTF-8"?>
<testng-results ignored="0" total="2" passed="2" failed="0" skipped="0">
  <reporter-output>
  </reporter-output>
  <suite started-at="2021-10-30T08:03:02 IST" name="Default suite" finished-at="2021-10-30T08:03:08 IST" duration-ms="6323">
    <groups>
    </groups>
    <test started-at="2021-10-30T08:03:02 IST" name="Default test" finished-at="2021-10-30T08:03:08 IST" duration-ms="6323">
      <class name="com.selenium.ExtentReport">
        <test-method is-config="true" signature="breforeClass()[pri:0, instance:com.selenium.ExtentReport@353d0772]" started-at="2021-10-30T08:03:02 IST" name="breforeClass" finished-at="2021-10-30T08:03:07 IST" duration-ms="5253" status="PASS">
          <reporter-output>
          </reporter-output>
        </test-method> <!-- breforeClass -->
        <test-method signature="test1()[pri:0, instance:com.selenium.ExtentReport@353d0772]" started-at="2021-10-30T08:03:07 IST" name="test1" finished-at="2021-10-30T08:03:07 IST" duration-ms="53" status="PASS">
          <reporter-output>
          </reporter-output>
        </test-method> <!-- test1 -->
        <test-method is-config="true" signature="afterMethod(org.testng.ITestResult)[pri:0, instance:com.selenium.ExtentReport@353d0772]" started-at="2021-10-30T08:03:07 IST" name="afterMethod" finished-at="2021-10-30T08:03:07 IST" duration-ms="3" status="PASS">
          <params>
            <param index="0">
              <value>
                <![CDATA[[TestResult name=test1 status=SUCCESS method=ExtentReport.test1()[pri:0, instance:com.selenium.ExtentReport@353d0772] output={null}]]]>
              </value>
            </param>
          </params>
          <reporter-output>
          </reporter-output>
        </test-method> <!-- afterMethod -->
        <test-method signature="test2()[pri:0, instance:com.selenium.ExtentReport@353d0772]" started-at="2021-10-30T08:03:07 IST" name="test2" finished-at="2021-10-30T08:03:07 IST" duration-ms="9" status="PASS">
          <reporter-output>
          </reporter-output>
        </test-method> <!-- test2 -->
        <test-method is-config="true" signature="afterMethod(org.testng.ITestResult)[pri:0, instance:com.selenium.ExtentReport@353d0772]" started-at="2021-10-30T08:03:07 IST" name="afterMethod" finished-at="2021-10-30T08:03:07 IST" duration-ms="1" status="PASS">
          <params>
            <param index="0">
              <value>
                <![CDATA[[TestResult name=test2 status=SUCCESS method=ExtentReport.test2()[pri:0, instance:com.selenium.ExtentReport@353d0772] output={null}]]]>
              </value>
            </param>
          </params>
          <reporter-output>
          </reporter-output>
        </test-method> <!-- afterMethod -->
        <test-method is-config="true" signature="afterClass()[pri:0, instance:com.selenium.ExtentReport@353d0772]" started-at="2021-10-30T08:03:07 IST" name="afterClass" finished-at="2021-10-30T08:03:08 IST" duration-ms="863" status="PASS">
          <reporter-output>
          </reporter-output>
        </test-method> <!-- afterClass -->
      </class> <!-- com.selenium.ExtentReport -->
    </test> <!-- Default test -->
  </suite> <!-- Default suite -->
</testng-results>
